<?xml version="1.0" encoding="UTF-8"?>
<testsuite name="EveryBranch" tests="7" skipped="0" failures="0" errors="0" timestamp="2021-05-14T01:14:31" hostname="DESKTOP-58LS5KN" time="0.043">
  <properties/>
  <testcase name="test1()" classname="EveryBranch" time="0.029"/>
  <testcase name="test2()" classname="EveryBranch" time="0.001"/>
  <testcase name="test3()" classname="EveryBranch" time="0.001"/>
  <testcase name="test4()" classname="EveryBranch" time="0.001"/>
  <testcase name="test5()" classname="EveryBranch" time="0.001"/>
  <testcase name="test6()" classname="EveryBranch" time="0.002"/>
  <testcase name="test7()" classname="EveryBranch" time="0.001"/>
  <system-out><![CDATA[]]></system-out>
  <system-err><![CDATA[]]></system-err>
</testsuite>
