<?xml version="1.0" encoding="UTF-8"?>
<testsuite name="SILab2Test" tests="2" skipped="0" failures="0" errors="0" timestamp="2021-05-13T20:04:35" hostname="DESKTOP-58LS5KN" time="0.03">
  <properties/>
  <testcase name="function1()" classname="SILab2Test" time="0.028"/>
  <testcase name="function()" classname="SILab2Test" time="0.001"/>
  <system-out><![CDATA[]]></system-out>
  <system-err><![CDATA[]]></system-err>
</testsuite>
